# JRE version: Java(TM) SE Runtime Environment (21.0.6+8) (build 21.0.6+8-LTS-188)
# Java VM: Java HotSpot(TM) 64-Bit Server VM (21.0.6+8-LTS-188, mixed mode, sharing, tiered, compressed oops, compressed class ptrs, g1 gc, windows-amd64)
GC Precious Log:
 CardTable entry size: 512
 Card Set container configuration: InlinePtr #cards 4 size 8 Array Of Cards #cards 16 size 48 Howl #buckets 8 coarsen threshold 3686 Howl Bitmap #cards 512 size 80 coarsen threshold 460 Card regions per heap region 1 cards per card region 4096
 CPUs: 8 total, 8 available
 Memory: 14272M
 Large Page Support: Disabled
 NUMA Support: Disabled
 Compressed Oops: Enabled (Zero based)
 Heap Region Size: 2M
 Heap Min Capacity: 8M
 Heap Initial Capacity: 224M
 Heap Max Capacity: 3570M
 Pre-touch: Disabled
 Parallel Workers: 8
 Concurrent Workers: 2
 Concurrent Refinement Workers: 8
 Periodic GC: Disabled
Heap:
 garbage-first heap   total 61440K, used 26033K [0x0000000720e00000, 0x0000000800000000)
  region size 2048K, 5 young (10240K), 2 survivors (4096K)
 Metaspace       used 42722K, committed 43136K, reserved 1114112K
  class space    used 5678K, committed 5888K, reserved 1048576K
GC Heap History (14 events):
Event: 0.720 GC heap before
{Heap before GC invocations=0 (full 0):
 garbage-first heap   total 229376K, used 22528K [0x0000000720e00000, 0x0000000800000000)
  region size 2048K, 11 young (22528K), 0 survivors (0K)
 Metaspace       used 3941K, committed 4096K, reserved 1114112K
  class space    used 402K, committed 448K, reserved 1048576K
}
Event: 0.723 GC heap after
{Heap after GC invocations=1 (full 0):
 garbage-first heap   total 229376K, used 2474K [0x0000000720e00000, 0x0000000800000000)
  region size 2048K, 2 young (4096K), 2 survivors (4096K)
 Metaspace       used 3941K, committed 4096K, reserved 1114112K
  class space    used 402K, committed 448K, reserved 1048576K
}
Event: 1.703 GC heap before
{Heap before GC invocations=1 (full 0):
 garbage-first heap   total 229376K, used 41386K [0x0000000720e00000, 0x0000000800000000)
  region size 2048K, 22 young (45056K), 2 survivors (4096K)
 Metaspace       used 13513K, committed 13760K, reserved 1114112K
  class space    used 1411K, committed 1536K, reserved 1048576K
}
Event: 1.709 GC heap after
{Heap after GC invocations=2 (full 0):
 garbage-first heap   total 229376K, used 7342K [0x0000000720e00000, 0x0000000800000000)
  region size 2048K, 3 young (6144K), 3 survivors (6144K)
 Metaspace       used 13513K, committed 13760K, reserved 1114112K
  class space    used 1411K, committed 1536K, reserved 1048576K
}
Event: 2.290 GC heap before
{Heap before GC invocations=2 (full 0):
 garbage-first heap   total 229376K, used 25774K [0x0000000720e00000, 0x0000000800000000)
  region size 2048K, 13 young (26624K), 3 survivors (6144K)
 Metaspace       used 21284K, committed 21504K, reserved 1114112K
  class space    used 2386K, committed 2496K, reserved 1048576K
}
Event: 2.296 GC heap after
{Heap after GC invocations=3 (full 0):
 garbage-first heap   total 229376K, used 10579K [0x0000000720e00000, 0x0000000800000000)
  region size 2048K, 5 young (10240K), 5 survivors (10240K)
 Metaspace       used 21284K, committed 21504K, reserved 1114112K
  class space    used 2386K, committed 2496K, reserved 1048576K
}
Event: 3.186 GC heap before
{Heap before GC invocations=4 (full 0):
 garbage-first heap   total 49152K, used 47443K [0x0000000720e00000, 0x0000000800000000)
  region size 2048K, 22 young (45056K), 5 survivors (10240K)
 Metaspace       used 30259K, committed 30592K, reserved 1114112K
  class space    used 3691K, committed 3840K, reserved 1048576K
}
Event: 3.195 GC heap after
{Heap after GC invocations=5 (full 0):
 garbage-first heap   total 61440K, used 15179K [0x0000000720e00000, 0x0000000800000000)
  region size 2048K, 6 young (12288K), 6 survivors (12288K)
 Metaspace       used 30259K, committed 30592K, reserved 1114112K
  class space    used 3691K, committed 3840K, reserved 1048576K
}
Event: 3.599 GC heap before
{Heap before GC invocations=5 (full 0):
 garbage-first heap   total 61440K, used 39755K [0x0000000720e00000, 0x0000000800000000)
  region size 2048K, 18 young (36864K), 6 survivors (12288K)
 Metaspace       used 34771K, committed 35136K, reserved 1114112K
  class space    used 4572K, committed 4736K, reserved 1048576K
}
Event: 3.608 GC heap after
{Heap after GC invocations=6 (full 0):
 garbage-first heap   total 61440K, used 16787K [0x0000000720e00000, 0x0000000800000000)
  region size 2048K, 2 young (4096K), 2 survivors (4096K)
 Metaspace       used 34771K, committed 35136K, reserved 1114112K
  class space    used 4572K, committed 4736K, reserved 1048576K
}
Event: 7.449 GC heap before
{Heap before GC invocations=6 (full 0):
 garbage-first heap   total 61440K, used 20883K [0x0000000720e00000, 0x0000000800000000)
  region size 2048K, 4 young (8192K), 2 survivors (4096K)
 Metaspace       used 35757K, committed 36096K, reserved 1114112K
  class space    used 4638K, committed 4800K, reserved 1048576K
}
Event: 7.451 GC heap after
{Heap after GC invocations=7 (full 0):
 garbage-first heap   total 61440K, used 18263K [0x0000000720e00000, 0x0000000800000000)
  region size 2048K, 1 young (2048K), 1 survivors (2048K)
 Metaspace       used 35757K, committed 36096K, reserved 1114112K
  class space    used 4638K, committed 4800K, reserved 1048576K
}
Event: 22.576 GC heap before
{Heap before GC invocations=8 (full 0):
 garbage-first heap   total 61440K, used 46935K [0x0000000720e00000, 0x0000000800000000)
  region size 2048K, 16 young (32768K), 1 survivors (2048K)
 Metaspace       used 42345K, committed 42752K, reserved 1114112K
  class space    used 5635K, committed 5824K, reserved 1048576K
}
Event: 22.580 GC heap after
{Heap after GC invocations=9 (full 0):
 garbage-first heap   total 61440K, used 21937K [0x0000000720e00000, 0x0000000800000000)
  region size 2048K, 2 young (4096K), 2 survivors (4096K)
 Metaspace       used 42345K, committed 42752K, reserved 1114112K
  class space    used 5635K, committed 5824K, reserved 1048576K
}

