# JRE version: Java(TM) SE Runtime Environment (21.0.6+8) (build 21.0.6+8-LTS-188)
# Java VM: Java HotSpot(TM) 64-Bit Server VM (21.0.6+8-LTS-188, mixed mode, sharing, tiered, compressed oops, compressed class ptrs, g1 gc, windows-amd64)
GC Precious Log:
 CardTable entry size: 512
 Card Set container configuration: InlinePtr #cards 5 size 8 Array Of Cards #cards 12 size 40 Howl #buckets 4 coarsen threshold 1843 Howl Bitmap #cards 512 size 80 coarsen threshold 460 Card regions per heap region 1 cards per card region 2048
 CPUs: 4 total, 4 available
 Memory: 6021M
 Large Page Support: Disabled
 NUMA Support: Disabled
 Compressed Oops: Enabled (32-bit)
 Heap Region Size: 1M
 Heap Min Capacity: 8M
 Heap Initial Capacity: 96M
 Heap Max Capacity: 1506M
 Pre-touch: Disabled
 Parallel Workers: 4
 Concurrent Workers: 1
 Concurrent Refinement Workers: 4
 Periodic GC: Disabled
Heap:
 garbage-first heap   total 61440K, used 44308K [0x00000000a1e00000, 0x0000000100000000)
  region size 1024K, 13 young (13312K), 2 survivors (2048K)
 Metaspace       used 44283K, committed 44736K, reserved 1114112K
  class space    used 5891K, committed 6144K, reserved 1048576K
GC Heap History (18 events):
Event: 1.629 GC heap before
{Heap before GC invocations=0 (full 0):
 garbage-first heap   total 98304K, used 12288K [0x00000000a1e00000, 0x0000000100000000)
  region size 1024K, 13 young (13312K), 0 survivors (0K)
 Metaspace       used 1862K, committed 2048K, reserved 1114112K
  class space    used 182K, committed 256K, reserved 1048576K
}
Event: 1.635 GC heap after
{Heap after GC invocations=1 (full 0):
 garbage-first heap   total 98304K, used 1736K [0x00000000a1e00000, 0x0000000100000000)
  region size 1024K, 2 young (2048K), 2 survivors (2048K)
 Metaspace       used 1862K, committed 2048K, reserved 1114112K
  class space    used 182K, committed 256K, reserved 1048576K
}
Event: 2.940 GC heap before
{Heap before GC invocations=1 (full 0):
 garbage-first heap   total 98304K, used 23240K [0x00000000a1e00000, 0x0000000100000000)
  region size 1024K, 24 young (24576K), 2 survivors (2048K)
 Metaspace       used 5009K, committed 5184K, reserved 1114112K
  class space    used 546K, committed 640K, reserved 1048576K
}
Event: 2.948 GC heap after
{Heap after GC invocations=2 (full 0):
 garbage-first heap   total 98304K, used 5656K [0x00000000a1e00000, 0x0000000100000000)
  region size 1024K, 3 young (3072K), 3 survivors (3072K)
 Metaspace       used 5009K, committed 5184K, reserved 1114112K
  class space    used 546K, committed 640K, reserved 1048576K
}
Event: 6.408 GC heap before
{Heap before GC invocations=2 (full 0):
 garbage-first heap   total 98304K, used 49688K [0x00000000a1e00000, 0x0000000100000000)
  region size 1024K, 48 young (49152K), 3 survivors (3072K)
 Metaspace       used 21290K, committed 21504K, reserved 1114112K
  class space    used 2389K, committed 2496K, reserved 1048576K
}
Event: 6.416 GC heap after
{Heap after GC invocations=3 (full 0):
 garbage-first heap   total 98304K, used 9752K [0x00000000a1e00000, 0x0000000100000000)
  region size 1024K, 7 young (7168K), 7 survivors (7168K)
 Metaspace       used 21290K, committed 21504K, reserved 1114112K
  class space    used 2389K, committed 2496K, reserved 1048576K
}
Event: 8.945 GC heap before
{Heap before GC invocations=4 (full 0):
 garbage-first heap   total 37888K, used 37400K [0x00000000a1e00000, 0x0000000100000000)
  region size 1024K, 32 young (32768K), 7 survivors (7168K)
 Metaspace       used 29222K, committed 29568K, reserved 1114112K
  class space    used 3447K, committed 3584K, reserved 1048576K
}
Event: 8.954 GC heap after
{Heap after GC invocations=5 (full 0):
 garbage-first heap   total 47104K, used 13809K [0x00000000a1e00000, 0x0000000100000000)
  region size 1024K, 6 young (6144K), 6 survivors (6144K)
 Metaspace       used 29222K, committed 29568K, reserved 1114112K
  class space    used 3447K, committed 3584K, reserved 1048576K
}
Event: 10.338 GC heap before
{Heap before GC invocations=5 (full 0):
 garbage-first heap   total 47104K, used 34289K [0x00000000a1e00000, 0x0000000100000000)
  region size 1024K, 27 young (27648K), 6 survivors (6144K)
 Metaspace       used 32886K, committed 33152K, reserved 1114112K
  class space    used 4166K, committed 4288K, reserved 1048576K
}
Event: 10.349 GC heap after
{Heap after GC invocations=6 (full 0):
 garbage-first heap   total 47104K, used 15942K [0x00000000a1e00000, 0x0000000100000000)
  region size 1024K, 3 young (3072K), 3 survivors (3072K)
 Metaspace       used 32886K, committed 33152K, reserved 1114112K
  class space    used 4166K, committed 4288K, reserved 1048576K
}
Event: 21.647 GC heap before
{Heap before GC invocations=6 (full 0):
 garbage-first heap   total 47104K, used 30278K [0x00000000a1e00000, 0x0000000100000000)
  region size 1024K, 17 young (17408K), 3 survivors (3072K)
 Metaspace       used 35843K, committed 36160K, reserved 1114112K
  class space    used 4699K, committed 4864K, reserved 1048576K
}
Event: 21.652 GC heap after
{Heap after GC invocations=7 (full 0):
 garbage-first heap   total 47104K, used 18929K [0x00000000a1e00000, 0x0000000100000000)
  region size 1024K, 2 young (2048K), 2 survivors (2048K)
 Metaspace       used 35843K, committed 36160K, reserved 1114112K
  class space    used 4699K, committed 4864K, reserved 1048576K
}
Event: 39.920 GC heap before
{Heap before GC invocations=8 (full 0):
 garbage-first heap   total 52224K, used 47601K [0x00000000a1e00000, 0x0000000100000000)
  region size 1024K, 21 young (21504K), 2 survivors (2048K)
 Metaspace       used 40916K, committed 41344K, reserved 1114112K
  class space    used 5365K, committed 5568K, reserved 1048576K
}
Event: 39.925 GC heap after
{Heap after GC invocations=9 (full 0):
 garbage-first heap   total 53248K, used 31202K [0x00000000a1e00000, 0x0000000100000000)
  region size 1024K, 3 young (3072K), 3 survivors (3072K)
 Metaspace       used 40916K, committed 41344K, reserved 1114112K
  class space    used 5365K, committed 5568K, reserved 1048576K
}
Event: 54.113 GC heap before
{Heap before GC invocations=9 (full 0):
 garbage-first heap   total 53248K, used 44514K [0x00000000a1e00000, 0x0000000100000000)
  region size 1024K, 17 young (17408K), 3 survivors (3072K)
 Metaspace       used 42649K, committed 43072K, reserved 1114112K
  class space    used 5667K, committed 5824K, reserved 1048576K
}
Event: 54.121 GC heap after
{Heap after GC invocations=10 (full 0):
 garbage-first heap   total 53248K, used 32319K [0x00000000a1e00000, 0x0000000100000000)
  region size 1024K, 2 young (2048K), 2 survivors (2048K)
 Metaspace       used 42649K, committed 43072K, reserved 1114112K
  class space    used 5667K, committed 5824K, reserved 1048576K
}
Event: 62.225 GC heap before
{Heap before GC invocations=10 (full 0):
 garbage-first heap   total 53248K, used 45631K [0x00000000a1e00000, 0x0000000100000000)
  region size 1024K, 15 young (15360K), 2 survivors (2048K)
 Metaspace       used 43870K, committed 44288K, reserved 1114112K
  class space    used 5870K, committed 6080K, reserved 1048576K
}
Event: 62.229 GC heap after
{Heap after GC invocations=11 (full 0):
 garbage-first heap   total 53248K, used 34068K [0x00000000a1e00000, 0x0000000100000000)
  region size 1024K, 2 young (2048K), 2 survivors (2048K)
 Metaspace       used 43870K, committed 44288K, reserved 1114112K
  class space    used 5870K, committed 6080K, reserved 1048576K
}

