# JRE version: Java(TM) SE Runtime Environment (21.0.6+8) (build 21.0.6+8-LTS-188)
# Java VM: Java HotSpot(TM) 64-Bit Server VM (21.0.6+8-LTS-188, mixed mode, sharing, tiered, compressed oops, compressed class ptrs, g1 gc, windows-amd64)
GC Precious Log:
 CardTable entry size: 512
 Card Set container configuration: InlinePtr #cards 5 size 8 Array Of Cards #cards 12 size 40 Howl #buckets 4 coarsen threshold 1843 Howl Bitmap #cards 512 size 80 coarsen threshold 460 Card regions per heap region 1 cards per card region 2048
 CPUs: 4 total, 4 available
 Memory: 6021M
 Large Page Support: Disabled
 NUMA Support: Disabled
 Compressed Oops: Enabled (32-bit)
 Heap Region Size: 1M
 Heap Min Capacity: 8M
 Heap Initial Capacity: 96M
 Heap Max Capacity: 1506M
 Pre-touch: Disabled
 Parallel Workers: 4
 Concurrent Workers: 1
 Concurrent Refinement Workers: 4
 Periodic GC: Disabled
Heap:
 garbage-first heap   total 119808K, used 78926K [0x00000000a1e00000, 0x0000000100000000)
  region size 1024K, 14 young (14336K), 2 survivors (2048K)
 Metaspace       used 49970K, committed 50368K, reserved 1114112K
  class space    used 6603K, committed 6784K, reserved 1048576K
GC Heap History (20 events):
Event: 85.571 GC heap before
{Heap before GC invocations=22 (full 0):
 garbage-first heap   total 87040K, used 73476K [0x00000000a1e00000, 0x0000000100000000)
  region size 1024K, 19 young (19456K), 2 survivors (2048K)
 Metaspace       used 48527K, committed 48960K, reserved 1114112K
  class space    used 6532K, committed 6720K, reserved 1048576K
}
Event: 85.577 GC heap after
{Heap after GC invocations=23 (full 0):
 garbage-first heap   total 87040K, used 56908K [0x00000000a1e00000, 0x0000000100000000)
  region size 1024K, 3 young (3072K), 3 survivors (3072K)
 Metaspace       used 48527K, committed 48960K, reserved 1114112K
  class space    used 6532K, committed 6720K, reserved 1048576K
}
Event: 89.087 GC heap before
{Heap before GC invocations=23 (full 0):
 garbage-first heap   total 87040K, used 75340K [0x00000000a1e00000, 0x0000000100000000)
  region size 1024K, 21 young (21504K), 3 survivors (3072K)
 Metaspace       used 48617K, committed 49024K, reserved 1114112K
  class space    used 6532K, committed 6720K, reserved 1048576K
}
Event: 89.092 GC heap after
{Heap after GC invocations=24 (full 0):
 garbage-first heap   total 87040K, used 57066K [0x00000000a1e00000, 0x0000000100000000)
  region size 1024K, 2 young (2048K), 2 survivors (2048K)
 Metaspace       used 48617K, committed 49024K, reserved 1114112K
  class space    used 6532K, committed 6720K, reserved 1048576K
}
Event: 106.733 GC heap before
{Heap before GC invocations=24 (full 0):
 garbage-first heap   total 87040K, used 76522K [0x00000000a1e00000, 0x0000000100000000)
  region size 1024K, 21 young (21504K), 2 survivors (2048K)
 Metaspace       used 48842K, committed 49216K, reserved 1114112K
  class space    used 6542K, committed 6720K, reserved 1048576K
}
Event: 106.737 GC heap after
{Heap after GC invocations=25 (full 0):
 garbage-first heap   total 87040K, used 57299K [0x00000000a1e00000, 0x0000000100000000)
  region size 1024K, 2 young (2048K), 2 survivors (2048K)
 Metaspace       used 48842K, committed 49216K, reserved 1114112K
  class space    used 6542K, committed 6720K, reserved 1048576K
}
Event: 117.590 GC heap before
{Heap before GC invocations=25 (full 0):
 garbage-first heap   total 87040K, used 77779K [0x00000000a1e00000, 0x0000000100000000)
  region size 1024K, 22 young (22528K), 2 survivors (2048K)
 Metaspace       used 48962K, committed 49408K, reserved 1114112K
  class space    used 6542K, committed 6720K, reserved 1048576K
}
Event: 117.611 GC heap after
{Heap after GC invocations=26 (full 0):
 garbage-first heap   total 87040K, used 57752K [0x00000000a1e00000, 0x0000000100000000)
  region size 1024K, 2 young (2048K), 2 survivors (2048K)
 Metaspace       used 48962K, committed 49408K, reserved 1114112K
  class space    used 6542K, committed 6720K, reserved 1048576K
}
Event: 122.268 GC heap before
{Heap before GC invocations=27 (full 0):
 garbage-first heap   total 99328K, used 78232K [0x00000000a1e00000, 0x0000000100000000)
  region size 1024K, 22 young (22528K), 2 survivors (2048K)
 Metaspace       used 49041K, committed 49408K, reserved 1114112K
  class space    used 6543K, committed 6720K, reserved 1048576K
}
Event: 122.273 GC heap after
{Heap after GC invocations=28 (full 0):
 garbage-first heap   total 99328K, used 57755K [0x00000000a1e00000, 0x0000000100000000)
  region size 1024K, 2 young (2048K), 2 survivors (2048K)
 Metaspace       used 49041K, committed 49408K, reserved 1114112K
  class space    used 6543K, committed 6720K, reserved 1048576K
}
Event: 146.862 GC heap before
{Heap before GC invocations=28 (full 0):
 garbage-first heap   total 99328K, used 97691K [0x00000000a1e00000, 0x0000000100000000)
  region size 1024K, 31 young (31744K), 2 survivors (2048K)
 Metaspace       used 49582K, committed 50048K, reserved 1114112K
  class space    used 6586K, committed 6784K, reserved 1048576K
}
Event: 146.876 GC heap after
{Heap after GC invocations=29 (full 0):
 garbage-first heap   total 103424K, used 69017K [0x00000000a1e00000, 0x0000000100000000)
  region size 1024K, 3 young (3072K), 3 survivors (3072K)
 Metaspace       used 49582K, committed 50048K, reserved 1114112K
  class space    used 6586K, committed 6784K, reserved 1048576K
}
Event: 165.956 GC heap before
{Heap before GC invocations=29 (full 0):
 garbage-first heap   total 103424K, used 93593K [0x00000000a1e00000, 0x0000000100000000)
  region size 1024K, 27 young (27648K), 3 survivors (3072K)
 Metaspace       used 49636K, committed 50048K, reserved 1114112K
  class space    used 6586K, committed 6784K, reserved 1048576K
}
Event: 166.240 GC heap after
{Heap after GC invocations=30 (full 0):
 garbage-first heap   total 103424K, used 70044K [0x00000000a1e00000, 0x0000000100000000)
  region size 1024K, 3 young (3072K), 3 survivors (3072K)
 Metaspace       used 49636K, committed 50048K, reserved 1114112K
  class space    used 6586K, committed 6784K, reserved 1048576K
}
Event: 190.469 GC heap before
{Heap before GC invocations=31 (full 0):
 garbage-first heap   total 119808K, used 99740K [0x00000000a1e00000, 0x0000000100000000)
  region size 1024K, 22 young (22528K), 3 survivors (3072K)
 Metaspace       used 49732K, committed 50176K, reserved 1114112K
  class space    used 6587K, committed 6784K, reserved 1048576K
}
Event: 190.476 GC heap after
{Heap after GC invocations=32 (full 0):
 garbage-first heap   total 119808K, used 80870K [0x00000000a1e00000, 0x0000000100000000)
  region size 1024K, 2 young (2048K), 2 survivors (2048K)
 Metaspace       used 49732K, committed 50176K, reserved 1114112K
  class space    used 6587K, committed 6784K, reserved 1048576K
}
Event: 211.076 GC heap before
{Heap before GC invocations=32 (full 0):
 garbage-first heap   total 119808K, used 115686K [0x00000000a1e00000, 0x0000000100000000)
  region size 1024K, 30 young (30720K), 2 survivors (2048K)
 Metaspace       used 49800K, committed 50176K, reserved 1114112K
  class space    used 6587K, committed 6784K, reserved 1048576K
}
Event: 211.084 GC heap after
{Heap after GC invocations=33 (full 0):
 garbage-first heap   total 119808K, used 80103K [0x00000000a1e00000, 0x0000000100000000)
  region size 1024K, 2 young (2048K), 2 survivors (2048K)
 Metaspace       used 49800K, committed 50176K, reserved 1114112K
  class space    used 6587K, committed 6784K, reserved 1048576K
}
Event: 212.325 GC heap before
{Heap before GC invocations=33 (full 0):
 garbage-first heap   total 119808K, used 80103K [0x00000000a1e00000, 0x0000000100000000)
  region size 1024K, 3 young (3072K), 2 survivors (2048K)
 Metaspace       used 49804K, committed 50240K, reserved 1114112K
  class space    used 6587K, committed 6784K, reserved 1048576K
}
Event: 212.328 GC heap after
{Heap after GC invocations=34 (full 0):
 garbage-first heap   total 119808K, used 79950K [0x00000000a1e00000, 0x0000000100000000)
  region size 1024K, 2 young (2048K), 2 survivors (2048K)
 Metaspace       used 49804K, committed 50240K, reserved 1114112K
  class space    used 6587K, committed 6784K, reserved 1048576K
}

